Linear
============
--- Loi giai chi tiet phan (a) ---
1. Kiem tra tu ma toan 0...
   -> Co ton tai tu ma toan 0.
2. Kiem tra tinh dong voi phep XOR...
   -> Vi pham: 001 XOR 010 = 011 (Khong thuoc tap ma).
Ket luan: Day KHONG phai ma tuyen tinh.
============
Linear
============
--- Loi giai chi tiet phan (a) ---
1. Kiem tra tu ma toan 0...
   -> Co ton tai tu ma toan 0.
2. Kiem tra tinh dong voi phep XOR...
   -> Moi cap deu thoa man tinh dong.
Ket luan: Day LA ma khoi tuyen tinh.
============
Linear
============
--- Loi giai chi tiet phan (a) ---
1. Kiem tra tu ma toan 0...
   -> Co ton tai tu ma toan 0.
2. Kiem tra tinh dong voi phep XOR...
   -> Moi cap deu thoa man tinh dong.
Ket luan: Day LA ma khoi tuyen tinh.
============
Linear
============
--- Loi giai chi tiet phan (a) ---
1. Kiem tra tu ma toan 0...
   -> Co ton tai tu ma toan 0.
2. Kiem tra tinh dong voi phep XOR...
   -> Moi cap deu thoa man tinh dong.
Ket luan: Day LA ma khoi tuyen tinh.
============
000
111
============
--- Loi giai chi tiet phan (b) ---
Ma tran kiem tra H (2x4):
1 0 1 1 
0 1 1 0 
1. Phan tich khong gian nghiem cua H...
   Do dai ma (n): 4
   So chieu ma (k): 2
2. Sinh tat ca 2^k = 4 tu ma...
3. Tap day du cac tu ma:
   0000
   0111
   1001
   1110
Ket luan: Da sinh thanh cong 4 tu ma.
============
000000
001110
010011
011101
100101
101011
110110
111000
============
--- Loi giai chi tiet phan (b) ---
Ma tran kiem tra H (1x3):
1 1 1 
1. Phan tich khong gian nghiem cua H...
   Do dai ma (n): 3
   So chieu ma (k): 2
2. Sinh tat ca 2^k = 4 tu ma...
3. Tap day du cac tu ma:
   000
   011
   101
   110
Ket luan: Da sinh thanh cong 4 tu ma.
============
00000
00111
01010
01101
10001
10110
11011
11100
============
--- Loi giai chi tiet phan (b) ---
Ma tran kiem tra H (3x7):
1 0 0 1 1 0 1 
0 1 0 1 0 1 1 
0 0 1 0 1 1 1 
1. Phan tich khong gian nghiem cua H...
   Do dai ma (n): 7
   So chieu ma (k): 4
2. Sinh tat ca 2^k = 16 tu ma...
3. Tap day du cac tu ma:
   0000000
   0001110
   0010111
   0011001
   0100101
   0101011
   0110010
   0111100
   1000011
   1001101
   1010100
   1011010
   1100110
   1101000
   1110001
   1111111
Ket luan: Da sinh thanh cong 16 tu ma.
============
Linear
============
0000
0101
1011
1110
============
